2020-02-21 00:25:28,325 [MainThread  ] [INFO ]  Loading dataset: ['/home/alice/work/psi-lab-sandbox/meetings/2020_02_11/d_cell/data/training/raw_pair_wise/SGA_ExE.txt']
2020-02-21 00:25:29,739 [MainThread  ] [INFO ]  Number of training examples: 335056, test: 83765
2020-02-21 00:25:29,739 [MainThread  ] [INFO ]  Number of genes: 855
2020-02-21 00:25:30,259 [MainThread  ] [INFO ]  model: 
Sequential(
  (0): Linear(in_features=855, out_features=20, bias=True)
  (1): ReLU()
  (2): BatchNorm1d(20, eps=1e-05, momentum=0.1, affine=True, track_running_stats=True)
  (3): Linear(in_features=20, out_features=10, bias=True)
  (4): ReLU()
  (5): BatchNorm1d(10, eps=1e-05, momentum=0.1, affine=True, track_running_stats=True)
  (6): Linear(in_features=10, out_features=5, bias=True)
  (7): ReLU()
  (8): BatchNorm1d(5, eps=1e-05, momentum=0.1, affine=True, track_running_stats=True)
  (9): Linear(in_features=5, out_features=1, bias=True)
)
2020-02-21 00:25:30,287 [MainThread  ] [INFO ]  initial test batch loss: 0.43313461542129517
2020-02-21 00:25:30,288 [MainThread  ] [INFO ]  initial test batch corr: (-0.0464031671513258, 0.14255252323905843)
2020-02-21 00:25:39,272 [MainThread  ] [INFO ]  [0/20] training batch loss: 0.2575507164001465
2020-02-21 00:25:39,273 [MainThread  ] [INFO ]  [0/20] training batch corr: (0.6427043355454545, 9.27166963683253e-08)
2020-02-21 00:25:39,302 [MainThread  ] [INFO ]  [0/20] test batch loss: 0.2650980055332184
2020-02-21 00:25:39,302 [MainThread  ] [INFO ]  [0/20] test batch corr: (0.5396532204985249, 1.1819648800415566e-76)
2020-02-21 00:25:48,271 [MainThread  ] [INFO ]  [1/20] training batch loss: 0.1843225508928299
2020-02-21 00:25:48,271 [MainThread  ] [INFO ]  [1/20] training batch corr: (0.790572588380125, 4.2651979984584155e-13)
2020-02-21 00:25:48,354 [MainThread  ] [INFO ]  [1/20] test batch loss: 0.21930494904518127
2020-02-21 00:25:48,354 [MainThread  ] [INFO ]  [1/20] test batch corr: (0.7420171002215197, 1.5867990110379598e-175)
2020-02-21 00:25:56,305 [MainThread  ] [INFO ]  [2/20] training batch loss: 0.14455454051494598
2020-02-21 00:25:56,305 [MainThread  ] [INFO ]  [2/20] training batch corr: (0.8098263446434595, 4.117318431741417e-14)
2020-02-21 00:25:56,331 [MainThread  ] [INFO ]  [2/20] test batch loss: 0.14778535068035126
2020-02-21 00:25:56,332 [MainThread  ] [INFO ]  [2/20] test batch corr: (0.783638996402857, 1.4600395367668776e-208)
2020-02-21 00:26:05,215 [MainThread  ] [INFO ]  [3/20] training batch loss: 0.08475110679864883
2020-02-21 00:26:05,216 [MainThread  ] [INFO ]  [3/20] training batch corr: (0.7779570017717405, 1.7359117094169195e-12)
2020-02-21 00:26:05,246 [MainThread  ] [INFO ]  [3/20] test batch loss: 0.0969286784529686
2020-02-21 00:26:05,246 [MainThread  ] [INFO ]  [3/20] test batch corr: (0.8184849760544759, 1.912346522350707e-242)
2020-02-21 00:26:14,264 [MainThread  ] [INFO ]  [4/20] training batch loss: 0.0520823635160923
2020-02-21 00:26:14,264 [MainThread  ] [INFO ]  [4/20] training batch corr: (0.8489769382284175, 1.3905902976229872e-16)
2020-02-21 00:26:14,294 [MainThread  ] [INFO ]  [4/20] test batch loss: 0.05173768848180771
2020-02-21 00:26:14,295 [MainThread  ] [INFO ]  [4/20] test batch corr: (0.8380035439093023, 8.529301480605987e-265)
2020-02-21 00:26:22,928 [MainThread  ] [INFO ]  [5/20] training batch loss: 0.04709847271442413
2020-02-21 00:26:22,929 [MainThread  ] [INFO ]  [5/20] training batch corr: (0.7700045172727921, 4.0159871049778175e-12)
2020-02-21 00:26:22,959 [MainThread  ] [INFO ]  [5/20] test batch loss: 0.026716241613030434
2020-02-21 00:26:22,959 [MainThread  ] [INFO ]  [5/20] test batch corr: (0.8705633275056239, 1.239295799900564e-309)
2020-02-21 00:26:31,880 [MainThread  ] [INFO ]  [6/20] training batch loss: 0.01910983957350254
2020-02-21 00:26:31,880 [MainThread  ] [INFO ]  [6/20] training batch corr: (0.8583811457788648, 2.781198551701149e-17)
2020-02-21 00:26:31,910 [MainThread  ] [INFO ]  [6/20] test batch loss: 0.015597152523696423
2020-02-21 00:26:31,911 [MainThread  ] [INFO ]  [6/20] test batch corr: (0.8399984845641495, 3.0174883564758835e-267)
2020-02-21 00:26:40,844 [MainThread  ] [INFO ]  [7/20] training batch loss: 0.020280569791793823
2020-02-21 00:26:40,845 [MainThread  ] [INFO ]  [7/20] training batch corr: (0.8135938737537369, 2.5261163934855424e-14)
2020-02-21 00:26:40,875 [MainThread  ] [INFO ]  [7/20] test batch loss: 0.01084893848747015
2020-02-21 00:26:40,875 [MainThread  ] [INFO ]  [7/20] test batch corr: (0.8546081444585132, 2.726889000585141e-286)
2020-02-21 00:26:49,757 [MainThread  ] [INFO ]  [8/20] training batch loss: 0.015559987165033817
2020-02-21 00:26:49,757 [MainThread  ] [INFO ]  [8/20] training batch corr: (0.7723284841825564, 3.1539677404406065e-12)
2020-02-21 00:26:49,787 [MainThread  ] [INFO ]  [8/20] test batch loss: 0.008757520467042923
2020-02-21 00:26:49,788 [MainThread  ] [INFO ]  [8/20] test batch corr: (0.8716495331533716, 2.466927401541e-311)
2020-02-21 00:26:58,787 [MainThread  ] [INFO ]  [9/20] training batch loss: 0.016858020797371864
2020-02-21 00:26:58,787 [MainThread  ] [INFO ]  [9/20] training batch corr: (0.7314505157947847, 1.5267613932649138e-10)
2020-02-21 00:26:58,817 [MainThread  ] [INFO ]  [9/20] test batch loss: 0.00878989603370428
2020-02-21 00:26:58,818 [MainThread  ] [INFO ]  [9/20] test batch corr: (0.8677350501964877, 2.824858001526118e-305)
2020-02-21 00:27:07,843 [MainThread  ] [INFO ]  [10/20] training batch loss: 0.010552817955613136
2020-02-21 00:27:07,844 [MainThread  ] [INFO ]  [10/20] training batch corr: (0.8599498170477369, 2.1026180542485214e-17)
2020-02-21 00:27:07,874 [MainThread  ] [INFO ]  [10/20] test batch loss: 0.009979993104934692
2020-02-21 00:27:07,874 [MainThread  ] [INFO ]  [10/20] test batch corr: (0.8608389944632775, 4.646696362860832e-295)
2020-02-21 00:27:16,463 [MainThread  ] [INFO ]  [11/20] training batch loss: 0.01102018915116787
2020-02-21 00:27:16,464 [MainThread  ] [INFO ]  [11/20] training batch corr: (0.8637188338232578, 1.058755524730002e-17)
2020-02-21 00:27:16,486 [MainThread  ] [INFO ]  [11/20] test batch loss: 0.008960077539086342
2020-02-21 00:27:16,487 [MainThread  ] [INFO ]  [11/20] test batch corr: (0.8631345748519752, 2.1305367275769062e-298)
2020-02-21 00:27:24,619 [MainThread  ] [INFO ]  [12/20] training batch loss: 0.013942208141088486
2020-02-21 00:27:24,620 [MainThread  ] [INFO ]  [12/20] training batch corr: (0.8409141165968846, 5.079066404139732e-16)
2020-02-21 00:27:24,642 [MainThread  ] [INFO ]  [12/20] test batch loss: 0.007709168829023838
2020-02-21 00:27:24,643 [MainThread  ] [INFO ]  [12/20] test batch corr: (0.8817821796935232, 0.0)
2020-02-21 00:27:32,746 [MainThread  ] [INFO ]  [13/20] training batch loss: 0.024907927960157394
2020-02-21 00:27:32,746 [MainThread  ] [INFO ]  [13/20] training batch corr: (0.626330065537682, 2.4290743059868473e-07)
2020-02-21 00:27:32,768 [MainThread  ] [INFO ]  [13/20] test batch loss: 0.007975674234330654
2020-02-21 00:27:32,769 [MainThread  ] [INFO ]  [13/20] test batch corr: (0.8775461893913856, 7.57e-321)
2020-02-21 00:27:41,400 [MainThread  ] [INFO ]  [14/20] training batch loss: 0.008945721201598644
2020-02-21 00:27:41,401 [MainThread  ] [INFO ]  [14/20] training batch corr: (0.8714959646274104, 2.4037921256461176e-18)
2020-02-21 00:27:41,431 [MainThread  ] [INFO ]  [14/20] test batch loss: 0.0076446919701993465
2020-02-21 00:27:41,431 [MainThread  ] [INFO ]  [14/20] test batch corr: (0.88471399765014, 0.0)
2020-02-21 00:27:50,512 [MainThread  ] [INFO ]  [15/20] training batch loss: 0.01518117543309927
2020-02-21 00:27:50,513 [MainThread  ] [INFO ]  [15/20] training batch corr: (0.8084795383502357, 4.8901320849703185e-14)
2020-02-21 00:27:50,539 [MainThread  ] [INFO ]  [15/20] test batch loss: 0.007629368454217911
2020-02-21 00:27:50,539 [MainThread  ] [INFO ]  [15/20] test batch corr: (0.8781477768222644, 7.6e-322)
2020-02-21 00:27:59,318 [MainThread  ] [INFO ]  [16/20] training batch loss: 0.0059158760122954845
2020-02-21 00:27:59,318 [MainThread  ] [INFO ]  [16/20] training batch corr: (0.9307971906305206, 2.896808093358214e-25)
2020-02-21 00:27:59,348 [MainThread  ] [INFO ]  [16/20] test batch loss: 0.008505797944962978
2020-02-21 00:27:59,348 [MainThread  ] [INFO ]  [16/20] test batch corr: (0.8669087213115334, 5.072447343430368e-304)
2020-02-21 00:28:08,398 [MainThread  ] [INFO ]  [17/20] training batch loss: 0.006958513054996729
2020-02-21 00:28:08,399 [MainThread  ] [INFO ]  [17/20] training batch corr: (0.9161643628511575, 4.251532926483826e-23)
2020-02-21 00:28:08,429 [MainThread  ] [INFO ]  [17/20] test batch loss: 0.00950440764427185
2020-02-21 00:28:08,429 [MainThread  ] [INFO ]  [17/20] test batch corr: (0.8619481200149702, 1.1523261767166904e-296)
2020-02-21 00:28:17,480 [MainThread  ] [INFO ]  [18/20] training batch loss: 0.016824346035718918
2020-02-21 00:28:17,481 [MainThread  ] [INFO ]  [18/20] training batch corr: (0.7377160883864564, 8.827335057049962e-11)
2020-02-21 00:28:17,564 [MainThread  ] [INFO ]  [18/20] test batch loss: 0.007152504753321409
2020-02-21 00:28:17,564 [MainThread  ] [INFO ]  [18/20] test batch corr: (0.8982235172949016, 0.0)
2020-02-21 00:28:26,681 [MainThread  ] [INFO ]  [19/20] training batch loss: 0.017846647650003433
2020-02-21 00:28:26,682 [MainThread  ] [INFO ]  [19/20] training batch corr: (0.7235282091619593, 2.987744475547884e-10)
2020-02-21 00:28:26,712 [MainThread  ] [INFO ]  [19/20] test batch loss: 0.007970165461301804
2020-02-21 00:28:26,712 [MainThread  ] [INFO ]  [19/20] test batch corr: (0.8733064921513047, 5.850603067e-314)
2020-02-21 00:28:26,713 [MainThread  ] [INFO ]  Done training
2020-02-21 00:28:26,713 [MainThread  ] [INFO ]  training batch (1000 data points)
2020-02-21 00:28:26,713 [MainThread  ] [INFO ]  (0.7235282091619593, 2.987744475547884e-10)
2020-02-21 00:28:26,713 [MainThread  ] [INFO ]  test batch (1000 data points)
2020-02-21 00:28:26,713 [MainThread  ] [INFO ]  (0.8733064921513047, 5.850603067e-314)
